{"E:\\Namaste-React-Akshay-Saini\\Episode-11-Data is the new Oil\\Coding\\src\\components\\Contact.js": {"path":"E:\\Namaste-React-Akshay-Saini\\Episode-11-Data is the new Oil\\Coding\\src\\components\\Contact.js","statementMap":{"0":{"start":{"line":3,"column":16},"end":{"line":23,"column":1}},"1":{"start":{"line":4,"column":2},"end":{"line":22,"column":4}}},"fnMap":{"0":{"name":"(anonymous_0)","decl":{"start":{"line":3,"column":16},"end":{"line":3,"column":17}},"loc":{"start":{"line":3,"column":22},"end":{"line":23,"column":1}},"line":3}},"branchMap":{},"s":{"0":1,"1":2},"f":{"0":2},"b":{},"_coverageSchema":"1a1c01bbd47fc00a2c39e90264f33305004495a9","hash":"f55b98da38b5bf48cea0a5660474acd3ba9789c7"}
,"E:\\Namaste-React-Akshay-Saini\\Episode-11-Data is the new Oil\\Coding\\src\\components\\sum.js": {"path":"E:\\Namaste-React-Akshay-Saini\\Episode-11-Data is the new Oil\\Coding\\src\\components\\sum.js","statementMap":{"0":{"start":{"line":1,"column":19},"end":{"line":3,"column":1}},"1":{"start":{"line":2,"column":4},"end":{"line":2,"column":17}}},"fnMap":{"0":{"name":"(anonymous_0)","decl":{"start":{"line":1,"column":19},"end":{"line":1,"column":20}},"loc":{"start":{"line":1,"column":29},"end":{"line":3,"column":1}},"line":1}},"branchMap":{},"s":{"0":1,"1":1},"f":{"0":1},"b":{},"_coverageSchema":"1a1c01bbd47fc00a2c39e90264f33305004495a9","hash":"b09777bb32c3556dadbb0e8f3ea7ad75469dd55f"}
}
