{"E:\\Namaste-React-Akshay-Saini\\Episode-11-Data is the new Oil\\Coding\\src\\components\\Body.jsx": {"path":"E:\\Namaste-React-Akshay-Saini\\Episode-11-Data is the new Oil\\Coding\\src\\components\\Body.jsx","statementMap":{"0":{"start":{"line":11,"column":17},"end":{"line":13,"column":6}},"1":{"start":{"line":12,"column":8},"end":{"line":12,"column":86}},"2":{"start":{"line":15,"column":4},"end":{"line":15,"column":16}},"3":{"start":{"line":19,"column":13},"end":{"line":121,"column":1}},"4":{"start":{"line":21,"column":40},"end":{"line":21,"column":52}},"5":{"start":{"line":22,"column":52},"end":{"line":22,"column":64}},"6":{"start":{"line":23,"column":56},"end":{"line":23,"column":68}},"7":{"start":{"line":25,"column":29},"end":{"line":25,"column":59}},"8":{"start":{"line":27,"column":4},"end":{"line":29,"column":11}},"9":{"start":{"line":28,"column":8},"end":{"line":28,"column":20}},"10":{"start":{"line":32,"column":22},"end":{"line":54,"column":5}},"11":{"start":{"line":33,"column":8},"end":{"line":53,"column":9}},"12":{"start":{"line":34,"column":29},"end":{"line":34,"column":56}},"13":{"start":{"line":35,"column":25},"end":{"line":35,"column":46}},"14":{"start":{"line":38,"column":16},"end":{"line":45,"column":17}},"15":{"start":{"line":38,"column":29},"end":{"line":38,"column":30}},"16":{"start":{"line":40,"column":24},"end":{"line":41,"column":41}},"17":{"start":{"line":42,"column":20},"end":{"line":44,"column":21}},"18":{"start":{"line":43,"column":24},"end":{"line":43,"column":41}},"19":{"start":{"line":47,"column":28},"end":{"line":47,"column":47}},"20":{"start":{"line":49,"column":12},"end":{"line":49,"column":41}},"21":{"start":{"line":50,"column":12},"end":{"line":50,"column":43}},"22":{"start":{"line":52,"column":12},"end":{"line":52,"column":31}},"23":{"start":{"line":56,"column":4},"end":{"line":56,"column":34}},"24":{"start":{"line":59,"column":25},"end":{"line":59,"column":42}},"25":{"start":{"line":60,"column":4},"end":{"line":61,"column":91}},"26":{"start":{"line":61,"column":8},"end":{"line":61,"column":91}},"27":{"start":{"line":63,"column":4},"end":{"line":120,"column":5}},"28":{"start":{"line":75,"column":41},"end":{"line":75,"column":70}},"29":{"start":{"line":81,"column":41},"end":{"line":81,"column":81}},"30":{"start":{"line":82,"column":28},"end":{"line":82,"column":56}},"31":{"start":{"line":92,"column":49},"end":{"line":94,"column":29}},"32":{"start":{"line":93,"column":41},"end":{"line":93,"column":66}},"33":{"start":{"line":95,"column":28},"end":{"line":95,"column":64}},"34":{"start":{"line":104,"column":24},"end":{"line":114,"column":31}}},"fnMap":{"0":{"name":"filterData","decl":{"start":{"line":10,"column":9},"end":{"line":10,"column":19}},"loc":{"start":{"line":10,"column":50},"end":{"line":16,"column":1}},"line":10},"1":{"name":"(anonymous_1)","decl":{"start":{"line":11,"column":41},"end":{"line":11,"column":42}},"loc":{"start":{"line":11,"column":57},"end":{"line":13,"column":5}},"line":11},"2":{"name":"(anonymous_2)","decl":{"start":{"line":19,"column":13},"end":{"line":19,"column":14}},"loc":{"start":{"line":19,"column":19},"end":{"line":121,"column":1}},"line":19},"3":{"name":"(anonymous_3)","decl":{"start":{"line":27,"column":14},"end":{"line":27,"column":15}},"loc":{"start":{"line":27,"column":20},"end":{"line":29,"column":5}},"line":27},"4":{"name":"(anonymous_4)","decl":{"start":{"line":32,"column":22},"end":{"line":32,"column":23}},"loc":{"start":{"line":32,"column":34},"end":{"line":54,"column":5}},"line":32},"5":{"name":"checkJsonData","decl":{"start":{"line":37,"column":21},"end":{"line":37,"column":34}},"loc":{"start":{"line":37,"column":45},"end":{"line":46,"column":13}},"line":37},"6":{"name":"(anonymous_6)","decl":{"start":{"line":75,"column":34},"end":{"line":75,"column":35}},"loc":{"start":{"line":75,"column":41},"end":{"line":75,"column":70}},"line":75},"7":{"name":"(anonymous_7)","decl":{"start":{"line":80,"column":33},"end":{"line":80,"column":34}},"loc":{"start":{"line":80,"column":39},"end":{"line":83,"column":25}},"line":80},"8":{"name":"(anonymous_8)","decl":{"start":{"line":91,"column":33},"end":{"line":91,"column":34}},"loc":{"start":{"line":91,"column":39},"end":{"line":96,"column":25}},"line":91},"9":{"name":"(anonymous_9)","decl":{"start":{"line":93,"column":32},"end":{"line":93,"column":33}},"loc":{"start":{"line":93,"column":41},"end":{"line":93,"column":66}},"line":93},"10":{"name":"(anonymous_10)","decl":{"start":{"line":103,"column":43},"end":{"line":103,"column":44}},"loc":{"start":{"line":104,"column":24},"end":{"line":114,"column":31}},"line":104}},"branchMap":{"0":{"loc":{"start":{"line":42,"column":20},"end":{"line":44,"column":21}},"type":"if","locations":[{"start":{"line":42,"column":20},"end":{"line":44,"column":21}},{"start":{},"end":{}}],"line":42},"1":{"loc":{"start":{"line":60,"column":4},"end":{"line":61,"column":91}},"type":"if","locations":[{"start":{"line":60,"column":4},"end":{"line":61,"column":91}},{"start":{},"end":{}}],"line":60},"2":{"loc":{"start":{"line":63,"column":11},"end":{"line":120,"column":5}},"type":"cond-expr","locations":[{"start":{"line":64,"column":8},"end":{"line":64,"column":19}},{"start":{"line":66,"column":8},"end":{"line":119,"column":15}}],"line":63}},"s":{"0":1,"1":20,"2":1,"3":1,"4":4,"5":4,"6":4,"7":4,"8":4,"9":1,"10":4,"11":1,"12":1,"13":1,"14":1,"15":1,"16":2,"17":2,"18":1,"19":1,"20":1,"21":1,"22":0,"23":4,"24":4,"25":4,"26":0,"27":4,"28":1,"29":1,"30":1,"31":0,"32":0,"33":0,"34":41},"f":{"0":1,"1":20,"2":4,"3":1,"4":1,"5":1,"6":1,"7":1,"8":0,"9":0,"10":41},"b":{"0":[1,1],"1":[0,4],"2":[1,3]},"_coverageSchema":"1a1c01bbd47fc00a2c39e90264f33305004495a9","hash":"04646eefeb17c58e041a3b83484daef8828c26d1"}
,"E:\\Namaste-React-Akshay-Saini\\Episode-11-Data is the new Oil\\Coding\\src\\components\\Header.js": {"path":"E:\\Namaste-React-Akshay-Saini\\Episode-11-Data is the new Oil\\Coding\\src\\components\\Header.js","statementMap":{"0":{"start":{"line":9,"column":15},"end":{"line":53,"column":1}},"1":{"start":{"line":10,"column":32},"end":{"line":10,"column":49}},"2":{"start":{"line":11,"column":23},"end":{"line":11,"column":40}},"3":{"start":{"line":12,"column":27},"end":{"line":12,"column":50}},"4":{"start":{"line":14,"column":20},"end":{"line":14,"column":60}},"5":{"start":{"line":14,"column":43},"end":{"line":14,"column":59}},"6":{"start":{"line":17,"column":2},"end":{"line":52,"column":4}},"7":{"start":{"line":43,"column":14},"end":{"line":43,"column":79}}},"fnMap":{"0":{"name":"(anonymous_0)","decl":{"start":{"line":9,"column":15},"end":{"line":9,"column":16}},"loc":{"start":{"line":9,"column":21},"end":{"line":53,"column":1}},"line":9},"1":{"name":"(anonymous_1)","decl":{"start":{"line":14,"column":32},"end":{"line":14,"column":33}},"loc":{"start":{"line":14,"column":43},"end":{"line":14,"column":59}},"line":14},"2":{"name":"(anonymous_2)","decl":{"start":{"line":42,"column":21},"end":{"line":42,"column":22}},"loc":{"start":{"line":42,"column":27},"end":{"line":44,"column":13}},"line":42}},"branchMap":{"0":{"loc":{"start":{"line":24,"column":47},"end":{"line":24,"column":71}},"type":"cond-expr","locations":[{"start":{"line":24,"column":62},"end":{"line":24,"column":65}},{"start":{"line":24,"column":68},"end":{"line":24,"column":71}}],"line":24},"1":{"loc":{"start":{"line":43,"column":14},"end":{"line":43,"column":78}},"type":"cond-expr","locations":[{"start":{"line":43,"column":36},"end":{"line":43,"column":56}},{"start":{"line":43,"column":59},"end":{"line":43,"column":78}}],"line":43}},"s":{"0":1,"1":4,"2":4,"3":4,"4":4,"5":7,"6":4,"7":1},"f":{"0":4,"1":7,"2":1},"b":{"0":[4,0],"1":[1,0]},"_coverageSchema":"1a1c01bbd47fc00a2c39e90264f33305004495a9","hash":"8da24e45e914d6cec14637bf1e840e4d5af9978a"}
,"E:\\Namaste-React-Akshay-Saini\\Episode-11-Data is the new Oil\\Coding\\src\\components\\RestaurantCard.jsx": {"path":"E:\\Namaste-React-Akshay-Saini\\Episode-11-Data is the new Oil\\Coding\\src\\components\\RestaurantCard.jsx","statementMap":{"0":{"start":{"line":4,"column":23},"end":{"line":29,"column":1}},"1":{"start":{"line":5,"column":22},"end":{"line":5,"column":27}},"2":{"start":{"line":9,"column":4},"end":{"line":9,"column":17}},"3":{"start":{"line":11,"column":2},"end":{"line":28,"column":4}},"4":{"start":{"line":31,"column":30},"end":{"line":42,"column":1}},"5":{"start":{"line":32,"column":2},"end":{"line":41,"column":4}},"6":{"start":{"line":33,"column":4},"end":{"line":40,"column":6}}},"fnMap":{"0":{"name":"(anonymous_0)","decl":{"start":{"line":4,"column":23},"end":{"line":4,"column":24}},"loc":{"start":{"line":4,"column":34},"end":{"line":29,"column":1}},"line":4},"1":{"name":"(anonymous_1)","decl":{"start":{"line":31,"column":30},"end":{"line":31,"column":31}},"loc":{"start":{"line":31,"column":50},"end":{"line":42,"column":1}},"line":31},"2":{"name":"(anonymous_2)","decl":{"start":{"line":32,"column":9},"end":{"line":32,"column":10}},"loc":{"start":{"line":32,"column":20},"end":{"line":41,"column":3}},"line":32}},"branchMap":{},"s":{"0":1,"1":41,"2":41,"3":41,"4":1,"5":4,"6":0},"f":{"0":41,"1":4,"2":0},"b":{},"_coverageSchema":"1a1c01bbd47fc00a2c39e90264f33305004495a9","hash":"013f3a942b0ed1ed532e4a509bfd6a2c23ce1a65"}
,"E:\\Namaste-React-Akshay-Saini\\Episode-11-Data is the new Oil\\Coding\\src\\utils\\appStore.js": {"path":"E:\\Namaste-React-Akshay-Saini\\Episode-11-Data is the new Oil\\Coding\\src\\utils\\appStore.js","statementMap":{"0":{"start":{"line":4,"column":17},"end":{"line":8,"column":2}}},"fnMap":{},"branchMap":{},"s":{"0":1},"f":{},"b":{},"_coverageSchema":"1a1c01bbd47fc00a2c39e90264f33305004495a9","hash":"b6591c9614739ab132b58bb075193427209c6e48"}
}
