TN:
SF:src\components\Body.jsx
FN:10,filterData
FN:11,(anonymous_1)
FN:19,(anonymous_2)
FN:27,(anonymous_3)
FN:32,(anonymous_4)
FN:37,checkJsonData
FN:75,(anonymous_6)
FN:80,(anonymous_7)
FN:91,(anonymous_8)
FN:93,(anonymous_9)
FN:103,(anonymous_10)
FNF:11
FNH:9
FNDA:1,filterData
FNDA:20,(anonymous_1)
FNDA:4,(anonymous_2)
FNDA:1,(anonymous_3)
FNDA:1,(anonymous_4)
FNDA:1,checkJsonData
FNDA:1,(anonymous_6)
FNDA:1,(anonymous_7)
FNDA:0,(anonymous_8)
FNDA:0,(anonymous_9)
FNDA:41,(anonymous_10)
DA:11,1
DA:12,20
DA:15,1
DA:19,1
DA:21,4
DA:22,4
DA:23,4
DA:25,4
DA:27,4
DA:28,1
DA:32,4
DA:33,1
DA:34,1
DA:35,1
DA:38,1
DA:40,2
DA:42,2
DA:43,1
DA:47,1
DA:49,1
DA:50,1
DA:52,0
DA:56,4
DA:59,4
DA:60,4
DA:61,0
DA:63,4
DA:75,1
DA:81,1
DA:82,1
DA:92,0
DA:93,0
DA:95,0
DA:104,41
LF:34
LH:29
BRDA:42,0,0,1
BRDA:42,0,1,1
BRDA:60,1,0,0
BRDA:60,1,1,4
BRDA:63,2,0,1
BRDA:63,2,1,3
BRF:6
BRH:5
end_of_record
TN:
SF:src\components\Header.js
FN:9,(anonymous_0)
FN:14,(anonymous_1)
FN:42,(anonymous_2)
FNF:3
FNH:3
FNDA:4,(anonymous_0)
FNDA:7,(anonymous_1)
FNDA:1,(anonymous_2)
DA:9,1
DA:10,4
DA:11,4
DA:12,4
DA:14,7
DA:17,4
DA:43,1
LF:7
LH:7
BRDA:24,0,0,4
BRDA:24,0,1,0
BRDA:43,1,0,1
BRDA:43,1,1,0
BRF:4
BRH:2
end_of_record
TN:
SF:src\components\RestaurantCard.jsx
FN:4,(anonymous_0)
FN:31,(anonymous_1)
FN:32,(anonymous_2)
FNF:3
FNH:2
FNDA:41,(anonymous_0)
FNDA:4,(anonymous_1)
FNDA:0,(anonymous_2)
DA:4,1
DA:5,41
DA:9,41
DA:11,41
DA:31,1
DA:32,4
DA:33,0
LF:7
LH:6
BRF:0
BRH:0
end_of_record
TN:
SF:src\utils\appStore.js
FNF:0
FNH:0
DA:4,1
LF:1
LH:1
BRF:0
BRH:0
end_of_record
